<?xml version="1.0" encoding="UTF-8"?>
<coverage generated="1570463226876" clover="3.2.0">
  <project timestamp="1570463226876" name="All files">
    <metrics statements="44" coveredstatements="42" conditionals="43" coveredconditionals="41" methods="7" coveredmethods="7" elements="94" coveredelements="90" complexity="0" loc="44" ncloc="44" packages="1" files="1" classes="1"/>
    <file name="interval.js" path="D:\Ecoles\Ensiie\2A\Test\TP2\tp-jest\src\interval.js">
      <metrics statements="44" coveredstatements="42" conditionals="43" coveredconditionals="41" methods="7" coveredmethods="7"/>
      <line num="3" count="55" type="stmt"/>
      <line num="4" count="55" type="stmt"/>
      <line num="8" count="1" type="stmt"/>
      <line num="26" count="19" type="cond" truecount="2" falsecount="0"/>
      <line num="46" count="32" type="cond" truecount="2" falsecount="0"/>
      <line num="66" count="4" type="stmt"/>
      <line num="68" count="4" type="cond" truecount="5" falsecount="0"/>
      <line num="69" count="3" type="stmt"/>
      <line num="72" count="1" type="cond" truecount="1" falsecount="1"/>
      <line num="73" count="1" type="stmt"/>
      <line num="74" count="1" type="stmt"/>
      <line num="76" count="0" type="stmt"/>
      <line num="77" count="0" type="stmt"/>
      <line num="81" count="4" type="stmt"/>
      <line num="101" count="7" type="cond" truecount="2" falsecount="0"/>
      <line num="102" count="1" type="stmt"/>
      <line num="104" count="6" type="cond" truecount="2" falsecount="0"/>
      <line num="105" count="1" type="stmt"/>
      <line num="107" count="5" type="cond" truecount="5" falsecount="0"/>
      <line num="109" count="4" type="cond" truecount="2" falsecount="0"/>
      <line num="110" count="2" type="stmt"/>
      <line num="112" count="2" type="stmt"/>
      <line num="116" count="1" type="stmt"/>
      <line num="137" count="7" type="stmt"/>
      <line num="139" count="7" type="cond" truecount="5" falsecount="0"/>
      <line num="140" count="1" type="stmt"/>
      <line num="141" count="1" type="stmt"/>
      <line num="143" count="6" type="cond" truecount="5" falsecount="0"/>
      <line num="144" count="1" type="stmt"/>
      <line num="145" count="1" type="stmt"/>
      <line num="147" count="5" type="cond" truecount="5" falsecount="0"/>
      <line num="148" count="3" type="cond" truecount="2" falsecount="0"/>
      <line num="149" count="2" type="stmt"/>
      <line num="150" count="2" type="stmt"/>
      <line num="152" count="1" type="cond" truecount="1" falsecount="1"/>
      <line num="153" count="1" type="stmt"/>
      <line num="154" count="1" type="stmt"/>
      <line num="158" count="2" type="cond" truecount="2" falsecount="0"/>
      <line num="159" count="1" type="stmt"/>
      <line num="160" count="1" type="stmt"/>
      <line num="162" count="1" type="stmt"/>
      <line num="163" count="1" type="stmt"/>
      <line num="167" count="7" type="stmt"/>
      <line num="171" count="1" type="stmt"/>
    </file>
  </project>
</coverage>
