{"D:\\Ecoles\\Ensiie\\2A\\Test\\TP\\tp-jest\\src\\interval.js": {"path":"D:\\Ecoles\\Ensiie\\2A\\Test\\TP\\tp-jest\\src\\interval.js","statementMap":{"0":{"start":{"line":3,"column":8},"end":{"line":3,"column":27}},"1":{"start":{"line":4,"column":8},"end":{"line":4,"column":22}},"2":{"start":{"line":8,"column":8},"end":{"line":8,"column":55}},"3":{"start":{"line":26,"column":8},"end":{"line":26,"column":70}},"4":{"start":{"line":46,"column":5},"end":{"line":46,"column":69}},"5":{"start":{"line":66,"column":17},"end":{"line":66,"column":19}},"6":{"start":{"line":68,"column":5},"end":{"line":79,"column":6}},"7":{"start":{"line":69,"column":6},"end":{"line":69,"column":101}},"8":{"start":{"line":72,"column":6},"end":{"line":78,"column":7}},"9":{"start":{"line":73,"column":7},"end":{"line":73,"column":24}},"10":{"start":{"line":74,"column":7},"end":{"line":74,"column":28}},"11":{"start":{"line":76,"column":7},"end":{"line":76,"column":28}},"12":{"start":{"line":77,"column":7},"end":{"line":77,"column":24}},"13":{"start":{"line":81,"column":5},"end":{"line":81,"column":18}},"14":{"start":{"line":125,"column":0},"end":{"line":125,"column":26}}},"fnMap":{"0":{"name":"(anonymous_0)","decl":{"start":{"line":2,"column":4},"end":{"line":2,"column":5}},"loc":{"start":{"line":2,"column":28},"end":{"line":5,"column":5}},"line":2},"1":{"name":"(anonymous_1)","decl":{"start":{"line":7,"column":4},"end":{"line":7,"column":5}},"loc":{"start":{"line":7,"column":15},"end":{"line":9,"column":5}},"line":7},"2":{"name":"(anonymous_2)","decl":{"start":{"line":25,"column":4},"end":{"line":25,"column":5}},"loc":{"start":{"line":25,"column":23},"end":{"line":27,"column":5}},"line":25},"3":{"name":"(anonymous_3)","decl":{"start":{"line":45,"column":4},"end":{"line":45,"column":5}},"loc":{"start":{"line":45,"column":23},"end":{"line":47,"column":5}},"line":45},"4":{"name":"(anonymous_4)","decl":{"start":{"line":65,"column":4},"end":{"line":65,"column":5}},"loc":{"start":{"line":65,"column":20},"end":{"line":82,"column":5}},"line":65},"5":{"name":"(anonymous_5)","decl":{"start":{"line":100,"column":4},"end":{"line":100,"column":5}},"loc":{"start":{"line":100,"column":27},"end":{"line":102,"column":5}},"line":100},"6":{"name":"(anonymous_6)","decl":{"start":{"line":120,"column":4},"end":{"line":120,"column":5}},"loc":{"start":{"line":120,"column":24},"end":{"line":122,"column":5}},"line":120}},"branchMap":{"0":{"loc":{"start":{"line":26,"column":15},"end":{"line":26,"column":69}},"type":"binary-expr","locations":[{"start":{"line":26,"column":15},"end":{"line":26,"column":40}},{"start":{"line":26,"column":44},"end":{"line":26,"column":69}}],"line":26},"1":{"loc":{"start":{"line":46,"column":12},"end":{"line":46,"column":68}},"type":"binary-expr","locations":[{"start":{"line":46,"column":12},"end":{"line":46,"column":40}},{"start":{"line":46,"column":44},"end":{"line":46,"column":68}}],"line":46},"2":{"loc":{"start":{"line":68,"column":5},"end":{"line":79,"column":6}},"type":"if","locations":[{"start":{"line":68,"column":5},"end":{"line":79,"column":6}},{"start":{"line":68,"column":5},"end":{"line":79,"column":6}}],"line":68},"3":{"loc":{"start":{"line":68,"column":9},"end":{"line":68,"column":92}},"type":"binary-expr","locations":[{"start":{"line":68,"column":9},"end":{"line":68,"column":32}},{"start":{"line":68,"column":36},"end":{"line":68,"column":62}},{"start":{"line":68,"column":66},"end":{"line":68,"column":92}}],"line":68},"4":{"loc":{"start":{"line":72,"column":6},"end":{"line":78,"column":7}},"type":"if","locations":[{"start":{"line":72,"column":6},"end":{"line":78,"column":7}},{"start":{"line":72,"column":6},"end":{"line":78,"column":7}}],"line":72}},"s":{"0":22,"1":22,"2":0,"3":10,"4":6,"5":5,"6":5,"7":3,"8":2,"9":1,"10":1,"11":1,"12":1,"13":5,"14":1},"f":{"0":22,"1":0,"2":10,"3":6,"4":5,"5":0,"6":0},"b":{"0":[10,7],"1":[6,4],"2":[3,2],"3":[5,3,3],"4":[1,1]},"_coverageSchema":"43e27e138ebf9cfc5966b082cf9a028302ed4184","hash":"1b99e67723a6d533a1e6b579744c457b4b7c8d8a"}
}
