{"D:\\Ecoles\\Ensiie\\2A\\Test\\TP\\tp-jest\\src\\TP3\\book.repository.js": {"path":"D:\\Ecoles\\Ensiie\\2A\\Test\\TP\\tp-jest\\src\\TP3\\book.repository.js","statementMap":{"0":{"start":{"line":7,"column":8},"end":{"line":7,"column":21}},"1":{"start":{"line":11,"column":8},"end":{"line":11,"column":48}},"2":{"start":{"line":18,"column":8},"end":{"line":18,"column":51}},"3":{"start":{"line":25,"column":20},"end":{"line":25,"column":40}},"4":{"start":{"line":26,"column":20},"end":{"line":26,"column":21}},"5":{"start":{"line":28,"column":8},"end":{"line":30,"column":9}},"6":{"start":{"line":28,"column":21},"end":{"line":28,"column":22}},"7":{"start":{"line":29,"column":12},"end":{"line":29,"column":63}},"8":{"start":{"line":32,"column":8},"end":{"line":32,"column":21}},"9":{"start":{"line":39,"column":8},"end":{"line":39,"column":67}},"10":{"start":{"line":62,"column":22},"end":{"line":62,"column":23}},"11":{"start":{"line":63,"column":33},"end":{"line":63,"column":34}},"12":{"start":{"line":64,"column":21},"end":{"line":64,"column":23}},"13":{"start":{"line":65,"column":21},"end":{"line":65,"column":23}},"14":{"start":{"line":66,"column":21},"end":{"line":66,"column":23}},"15":{"start":{"line":68,"column":20},"end":{"line":68,"column":67}},"16":{"start":{"line":69,"column":8},"end":{"line":100,"column":9}},"17":{"start":{"line":69,"column":21},"end":{"line":69,"column":22}},"18":{"start":{"line":70,"column":23},"end":{"line":70,"column":51}},"19":{"start":{"line":71,"column":28},"end":{"line":71,"column":43}},"20":{"start":{"line":72,"column":28},"end":{"line":72,"column":43}},"21":{"start":{"line":74,"column":12},"end":{"line":87,"column":13}},"22":{"start":{"line":75,"column":16},"end":{"line":83,"column":17}},"23":{"start":{"line":76,"column":20},"end":{"line":81,"column":23}},"24":{"start":{"line":82,"column":20},"end":{"line":82,"column":32}},"25":{"start":{"line":85,"column":16},"end":{"line":85,"column":35}},"26":{"start":{"line":86,"column":16},"end":{"line":86,"column":35}},"27":{"start":{"line":89,"column":12},"end":{"line":89,"column":22}},"28":{"start":{"line":90,"column":12},"end":{"line":90,"column":33}},"29":{"start":{"line":92,"column":12},"end":{"line":99,"column":13}},"30":{"start":{"line":93,"column":15},"end":{"line":98,"column":19}},"31":{"start":{"line":102,"column":8},"end":{"line":102,"column":22}},"32":{"start":{"line":108,"column":0},"end":{"line":108,"column":32}}},"fnMap":{"0":{"name":"(anonymous_0)","decl":{"start":{"line":6,"column":4},"end":{"line":6,"column":5}},"loc":{"start":{"line":6,"column":20},"end":{"line":8,"column":5}},"line":6},"1":{"name":"(anonymous_1)","decl":{"start":{"line":10,"column":4},"end":{"line":10,"column":5}},"loc":{"start":{"line":10,"column":16},"end":{"line":12,"column":5}},"line":10},"2":{"name":"(anonymous_2)","decl":{"start":{"line":17,"column":4},"end":{"line":17,"column":5}},"loc":{"start":{"line":17,"column":20},"end":{"line":19,"column":5}},"line":17},"3":{"name":"(anonymous_3)","decl":{"start":{"line":24,"column":4},"end":{"line":24,"column":5}},"loc":{"start":{"line":24,"column":20},"end":{"line":33,"column":5}},"line":24},"4":{"name":"(anonymous_4)","decl":{"start":{"line":38,"column":4},"end":{"line":38,"column":5}},"loc":{"start":{"line":38,"column":28},"end":{"line":40,"column":5}},"line":38},"5":{"name":"(anonymous_5)","decl":{"start":{"line":61,"column":4},"end":{"line":61,"column":5}},"loc":{"start":{"line":61,"column":39},"end":{"line":103,"column":5}},"line":61}},"branchMap":{"0":{"loc":{"start":{"line":74,"column":12},"end":{"line":87,"column":13}},"type":"if","locations":[{"start":{"line":74,"column":12},"end":{"line":87,"column":13}},{"start":{"line":74,"column":12},"end":{"line":87,"column":13}}],"line":74},"1":{"loc":{"start":{"line":74,"column":16},"end":{"line":74,"column":60}},"type":"binary-expr","locations":[{"start":{"line":74,"column":16},"end":{"line":74,"column":36}},{"start":{"line":74,"column":40},"end":{"line":74,"column":60}}],"line":74},"2":{"loc":{"start":{"line":75,"column":16},"end":{"line":83,"column":17}},"type":"if","locations":[{"start":{"line":75,"column":16},"end":{"line":83,"column":17}},{"start":{"line":75,"column":16},"end":{"line":83,"column":17}}],"line":75},"3":{"loc":{"start":{"line":75,"column":20},"end":{"line":75,"column":50}},"type":"binary-expr","locations":[{"start":{"line":75,"column":20},"end":{"line":75,"column":33}},{"start":{"line":75,"column":37},"end":{"line":75,"column":50}}],"line":75},"4":{"loc":{"start":{"line":92,"column":12},"end":{"line":99,"column":13}},"type":"if","locations":[{"start":{"line":92,"column":12},"end":{"line":99,"column":13}},{"start":{"line":92,"column":12},"end":{"line":99,"column":13}}],"line":92}},"s":{"0":12,"1":2,"2":7,"3":3,"4":3,"5":3,"6":3,"7":4,"8":3,"9":2,"10":2,"11":2,"12":2,"13":2,"14":2,"15":2,"16":2,"17":2,"18":2,"19":2,"20":2,"21":2,"22":2,"23":1,"24":1,"25":2,"26":2,"27":2,"28":2,"29":2,"30":1,"31":2,"32":1},"f":{"0":12,"1":2,"2":7,"3":3,"4":2,"5":2},"b":{"0":[2,0],"1":[2,1],"2":[1,1],"3":[2,1],"4":[1,1]},"_coverageSchema":"43e27e138ebf9cfc5966b082cf9a028302ed4184","hash":"f95db7ed037adcd6d9d8cf428d62a0fc3a524b3c"}
}
