TN:
SF:D:\Ecoles\Ensiie\2A\Test\TP\tp-jest\src\interval.js
FN:2,(anonymous_0)
FN:7,(anonymous_1)
FN:25,(anonymous_2)
FN:45,(anonymous_3)
FN:65,(anonymous_4)
FN:100,(anonymous_5)
FN:136,(anonymous_6)
FNF:7
FNH:7
FNDA:55,(anonymous_0)
FNDA:1,(anonymous_1)
FNDA:19,(anonymous_2)
FNDA:32,(anonymous_3)
FNDA:4,(anonymous_4)
FNDA:7,(anonymous_5)
FNDA:7,(anonymous_6)
DA:3,55
DA:4,55
DA:8,1
DA:26,19
DA:46,32
DA:66,4
DA:68,4
DA:69,3
DA:72,1
DA:73,1
DA:74,1
DA:76,0
DA:77,0
DA:81,4
DA:101,7
DA:102,1
DA:104,6
DA:105,1
DA:107,5
DA:109,4
DA:110,2
DA:112,2
DA:116,1
DA:137,7
DA:139,7
DA:140,1
DA:141,1
DA:143,6
DA:144,1
DA:145,1
DA:147,5
DA:148,3
DA:149,2
DA:150,2
DA:152,1
DA:153,1
DA:154,1
DA:158,2
DA:159,1
DA:160,1
DA:162,1
DA:163,1
DA:167,7
DA:171,1
LF:44
LH:42
BRDA:26,0,0,19
BRDA:26,0,1,14
BRDA:46,1,0,32
BRDA:46,1,1,18
BRDA:68,2,0,3
BRDA:68,2,1,1
BRDA:68,3,0,4
BRDA:68,3,1,2
BRDA:68,3,2,2
BRDA:72,4,0,1
BRDA:72,4,1,0
BRDA:101,5,0,1
BRDA:101,5,1,6
BRDA:104,6,0,1
BRDA:104,6,1,5
BRDA:107,7,0,4
BRDA:107,7,1,1
BRDA:107,8,0,5
BRDA:107,8,1,3
BRDA:107,8,2,2
BRDA:109,9,0,2
BRDA:109,9,1,2
BRDA:139,10,0,1
BRDA:139,10,1,6
BRDA:139,11,0,7
BRDA:139,11,1,1
BRDA:139,11,2,1
BRDA:143,12,0,1
BRDA:143,12,1,5
BRDA:143,13,0,6
BRDA:143,13,1,1
BRDA:143,13,2,1
BRDA:147,14,0,3
BRDA:147,14,1,2
BRDA:147,15,0,5
BRDA:147,15,1,4
BRDA:147,15,2,3
BRDA:148,16,0,2
BRDA:148,16,1,1
BRDA:152,17,0,1
BRDA:152,17,1,0
BRDA:158,18,0,1
BRDA:158,18,1,1
BRF:43
BRH:41
end_of_record
