TN:
SF:D:\Ecoles\Ensiie\2A\Test\TP2\tp-jest\src\math.js
FN:2,(anonymous_0)
FN:26,(anonymous_1)
FN:49,(anonymous_2)
FN:71,(anonymous_3)
FN:105,(anonymous_4)
FN:137,(anonymous_5)
FNF:6
FNH:6
FNDA:11,(anonymous_0)
FNDA:21,(anonymous_1)
FNDA:3,(anonymous_2)
FNDA:3,(anonymous_3)
FNDA:5,(anonymous_4)
FNDA:6,(anonymous_5)
DA:1,1
DA:2,1
DA:3,11
DA:4,3
DA:7,8
DA:8,1
DA:11,7
DA:12,1
DA:15,6
DA:26,1
DA:27,21
DA:28,2
DA:30,19
DA:31,1
DA:33,18
DA:34,92
DA:35,11
DA:49,1
DA:50,3
DA:52,3
DA:53,12
DA:56,3
DA:71,1
DA:72,3
DA:74,3
DA:75,1
DA:78,2
DA:79,30
DA:80,2
DA:82,28
DA:83,8
DA:85,20
DA:86,4
DA:89,16
DA:93,2
DA:105,1
DA:106,5
DA:108,5
DA:109,31
DA:110,31
DA:112,31
DA:113,23
DA:114,22
DA:115,21
DA:116,23
DA:119,31
DA:122,5
DA:137,1
DA:138,6
DA:140,6
DA:141,14
DA:142,42
DA:146,6
DA:150,1
LF:54
LH:54
BRDA:3,0,0,3
BRDA:3,0,1,8
BRDA:7,1,0,1
BRDA:7,1,1,7
BRDA:11,2,0,1
BRDA:11,2,1,6
BRDA:27,3,0,2
BRDA:27,3,1,19
BRDA:27,4,0,21
BRDA:27,4,1,20
BRDA:30,5,0,1
BRDA:30,5,1,18
BRDA:34,6,0,7
BRDA:34,6,1,85
BRDA:53,7,0,7
BRDA:53,7,1,5
BRDA:74,8,0,1
BRDA:74,8,1,2
BRDA:79,9,0,2
BRDA:79,9,1,28
BRDA:79,10,0,30
BRDA:79,10,1,10
BRDA:82,11,0,8
BRDA:82,11,1,20
BRDA:85,12,0,4
BRDA:85,12,1,16
BRDA:112,13,0,23
BRDA:112,13,1,8
BRDA:112,14,0,31
BRDA:112,14,1,23
BRDA:112,14,2,27
BRDA:112,14,3,19
BRDA:113,15,0,1
BRDA:113,15,1,22
BRDA:114,16,0,1
BRDA:114,16,1,21
BRDA:142,17,0,13
BRDA:142,17,1,29
BRF:38
BRH:38
end_of_record
